<?xml version="1.0" encoding="UTF-8"?>
<!-- Generated by org.testng.reporters.JUnitReportReporter -->
<testsuite hostname="Dell-Laptop-4th-Floor-room1" failures="0" tests="1" name="com.actitime.testscript.CustomerModule" time="18.789" errors="0" timestamp="2023-07-08T13:37:44 IST" skipped="0">
  <testcase classname="com.actitime.testscript.CustomerModule" name="testCreateCustomer" time="18.789"/>
  <system-out>
    <![CDATA[openBrowser
login
logOut
closeBrowser]]>
  </system-out>
</testsuite> <!-- com.actitime.testscript.CustomerModule -->
